<?xml version="1.0" encoding="UTF-8" ?>
<testsuite tests="23" failures="6" name="TestSuite" time="84.171" errors="0" skipped="0">
  <properties>
[...]
</properties>
  <testcase classname="com.zerodha.qa.testCases.DashBoardPageTest" name="validateAppsLinkTest" time="0.839"/>
  <testcase classname="com.zerodha.qa.testCases.DashBoardPageTest" name="validateFundsLinkTest" time="0.903"/>
  <testcase classname="com.zerodha.qa.testCases.DashBoardPageTest" name="validateHoldingsLinkTest" time="1.049"/>
  <testcase classname="com.zerodha.qa.testCases.DashBoardPageTest" name="validateOrderLinkTest" time="1.009"/>
  <testcase classname="com.zerodha.qa.testCases.DashBoardPageTest" name="validatePositionsLinkTest" time="1.091"/>
  <testcase classname="com.zerodha.qa.testCases.DashBoardPageTest" name="validateProfileLinkTest" time="1.311"/>
  <testcase classname="com.zerodha.qa.testCases.DashBoardPageTest" name="validateUserIdTest" time="1.028"/>
  <testcase classname="com.zerodha.qa.testCases.DashBoardPageTest" name="validateTitleTest" time="0.007">
    <failure message="expected [Dashboard / Kite] but found [Kite - Zerodha&apos;s fast and elegant flagship trading platform]" type="java.lang.AssertionError">java.lang.AssertionError: expected [Dashboard / Kite] but found [Kite - Zerodha&apos;s fast and elegant flagship trading platform]
	at org.testng.Assert.fail(Assert.java:110)
	at org.testng.Assert.failNotEquals(Assert.java:1413)
	at org.testng.Assert.assertEqualsImpl(Assert.java:149)
	at org.testng.Assert.assertEquals(Assert.java:131)
	at org.testng.Assert.assertEquals(Assert.java:655)
	at org.testng.Assert.assertEquals(Assert.java:665)
	at com.zerodha.qa.testCases.DashBoardPageTest.validateTitleTest(DashBoardPageTest.java:33)
</failure>
    <system-err>Starting ChromeDriver 98.0.4758.48 (d869ab3eda60629b9fabbd4e30c0f833466c83fd-refs/branch-heads/4758@{#415}) on port 55561
Only local connections are allowed.
Please see https://chromedriver.chromium.org/security-considerations for suggestions on keeping ChromeDriver safe.
ChromeDriver was started successfully.
[1649066470.191][WARNING]: This version of ChromeDriver has not been tested with Chrome version 99.
Apr 04, 2022 3:31:10 PM org.openqa.selenium.remote.ProtocolHandshake createSession
INFO: Detected dialect: W3C
Apr 04, 2022 3:31:10 PM org.openqa.selenium.devtools.CdpVersionFinder findNearestMatch
WARNING: Unable to find an exact match for CDP version 99, so returning the closest version found: 97
Apr 04, 2022 3:31:10 PM org.openqa.selenium.devtools.CdpVersionFinder findNearestMatch
INFO: Found CDP implementation for version 99 of 97
</system-err>
  </testcase>
  <testcase classname="com.zerodha.qa.testCases.DashBoardPageTest" name="validateUserNameTest" time="0.599">
    <failure message="
Parameter &apos;UserName&apos; is required by @Test on method validateUserNameTest but has not been marked @Optional or defined
" type="org.testng.TestNGException">org.testng.TestNGException: 
Parameter &apos;UserName&apos; is required by @Test on method validateUserNameTest but has not been marked @Optional or defined

	at org.testng.internal.Parameters.createParams(Parameters.java:267)
	at org.testng.internal.Parameters.createParametersForMethod(Parameters.java:355)
	at org.testng.internal.Parameters.createParameters(Parameters.java:660)
	at org.testng.internal.Parameters.handleParameters(Parameters.java:856)
	at org.testng.internal.Parameters.handleParameters(Parameters.java:704)
	at org.testng.internal.invokers.ParameterHandler.handleParameters(ParameterHandler.java:70)
	at org.testng.internal.invokers.ParameterHandler.createParameters(ParameterHandler.java:49)
	at org.testng.internal.invokers.TestInvoker$MethodInvocationAgent.invoke(TestInvoker.java:904)
	at org.testng.internal.invokers.TestInvoker.invokeTestMethods(TestInvoker.java:193)
	at org.testng.internal.invokers.TestMethodWorker.invokeTestMethods(TestMethodWorker.java:146)
	at org.testng.internal.invokers.TestMethodWorker.run(TestMethodWorker.java:128)
	at java.base/java.util.ArrayList.forEach(ArrayList.java:1541)
	at org.testng.TestRunner.privateRun(TestRunner.java:808)
	at org.testng.TestRunner.run(TestRunner.java:603)
	at org.testng.SuiteRunner.runTest(SuiteRunner.java:429)
	at org.testng.SuiteRunner.runSequentially(SuiteRunner.java:423)
	at org.testng.SuiteRunner.privateRun(SuiteRunner.java:383)
	at org.testng.SuiteRunner.run(SuiteRunner.java:326)
	at org.testng.SuiteRunnerWorker.runSuite(SuiteRunnerWorker.java:52)
	at org.testng.SuiteRunnerWorker.run(SuiteRunnerWorker.java:95)
	at org.testng.TestNG.runSuitesSequentially(TestNG.java:1249)
	at org.testng.TestNG.runSuitesLocally(TestNG.java:1169)
	at org.testng.TestNG.runSuites(TestNG.java:1092)
	at org.testng.TestNG.run(TestNG.java:1060)
	at org.apache.maven.surefire.testng.TestNGExecutor.run(TestNGExecutor.java:77)
	at org.apache.maven.surefire.testng.TestNGDirectoryTestSuite.executeMulti(TestNGDirectoryTestSuite.java:159)
	at org.apache.maven.surefire.testng.TestNGDirectoryTestSuite.execute(TestNGDirectoryTestSuite.java:99)
	at org.apache.maven.surefire.testng.TestNGProvider.invoke(TestNGProvider.java:106)
	at java.base/jdk.internal.reflect.NativeMethodAccessorImpl.invoke0(Native Method)
	at java.base/jdk.internal.reflect.NativeMethodAccessorImpl.invoke(NativeMethodAccessorImpl.java:62)
	at java.base/jdk.internal.reflect.DelegatingMethodAccessorImpl.invoke(DelegatingMethodAccessorImpl.java:43)
	at java.base/java.lang.reflect.Method.invoke(Method.java:566)
	at org.apache.maven.surefire.util.ReflectionUtils.invokeMethodWithArray(ReflectionUtils.java:189)
	at org.apache.maven.surefire.booter.ProviderFactory$ProviderProxy.invoke(ProviderFactory.java:165)
	at org.apache.maven.surefire.booter.ProviderFactory.invokeProvider(ProviderFactory.java:85)
	at org.apache.maven.surefire.booter.ForkedBooter.runSuitesInProcess(ForkedBooter.java:115)
	at org.apache.maven.surefire.booter.ForkedBooter.main(ForkedBooter.java:75)
</failure>
  </testcase>
  <testcase classname="com.zerodha.qa.testCases.LoginPageTest" name="ValidateForgetPasswordLink" time="0.072"/>
  <testcase classname="com.zerodha.qa.testCases.LoginPageTest" name="ValidateLogin" time="10.552">
    <failure message="expected [true] but found [false]" type="java.lang.AssertionError">java.lang.AssertionError: expected [true] but found [false]
	at org.testng.Assert.fail(Assert.java:110)
	at org.testng.Assert.failNotEquals(Assert.java:1413)
	at org.testng.Assert.assertTrue(Assert.java:56)
	at org.testng.Assert.assertTrue(Assert.java:66)
	at com.zerodha.qa.testCases.LoginPageTest.ValidateLogin(LoginPageTest.java:68)
</failure>
    <system-out>LoginData TestData &gt;&gt; [[Ljava.lang.Object;@111c229c, [Ljava.lang.Object;@49cb3881, [Ljava.lang.Object;@1a14fdf0, [Ljava.lang.Object;@284bdeed, [Ljava.lang.Object;@58b311ba]Login Test Case Data &gt;&gt; [[Ljava.lang.Object;@111c229c, [Ljava.lang.Object;@49cb3881, [Ljava.lang.Object;@1a14fdf0, [Ljava.lang.Object;@284bdeed, [Ljava.lang.Object;@58b311ba]</system-out>
    <system-err>Starting ChromeDriver 98.0.4758.48 (d869ab3eda60629b9fabbd4e30c0f833466c83fd-refs/branch-heads/4758@{#415}) on port 60958
Only local connections are allowed.
Please see https://chromedriver.chromium.org/security-considerations for suggestions on keeping ChromeDriver safe.
ChromeDriver was started successfully.
[1649066479.321][WARNING]: This version of ChromeDriver has not been tested with Chrome version 99.
Apr 04, 2022 3:31:19 PM org.openqa.selenium.remote.ProtocolHandshake createSession
INFO: Detected dialect: W3C
Apr 04, 2022 3:31:19 PM org.openqa.selenium.devtools.CdpVersionFinder findNearestMatch
WARNING: Unable to find an exact match for CDP version 99, so returning the closest version found: 97
Apr 04, 2022 3:31:19 PM org.openqa.selenium.devtools.CdpVersionFinder findNearestMatch
INFO: Found CDP implementation for version 99 of 97
</system-err>
  </testcase>
  <testcase classname="com.zerodha.qa.testCases.LoginPageTest" name="ValidateLogin" time="10.271">
    <failure message="expected [true] but found [false]" type="java.lang.AssertionError">java.lang.AssertionError: expected [true] but found [false]
	at org.testng.Assert.fail(Assert.java:110)
	at org.testng.Assert.failNotEquals(Assert.java:1413)
	at org.testng.Assert.assertTrue(Assert.java:56)
	at org.testng.Assert.assertTrue(Assert.java:66)
	at com.zerodha.qa.testCases.LoginPageTest.ValidateLogin(LoginPageTest.java:68)
</failure>
    <system-err>Starting ChromeDriver 98.0.4758.48 (d869ab3eda60629b9fabbd4e30c0f833466c83fd-refs/branch-heads/4758@{#415}) on port 59885
Only local connections are allowed.
Please see https://chromedriver.chromium.org/security-considerations for suggestions on keeping ChromeDriver safe.
ChromeDriver was started successfully.
[1649066494.540][WARNING]: This version of ChromeDriver has not been tested with Chrome version 99.
Apr 04, 2022 3:31:35 PM org.openqa.selenium.remote.ProtocolHandshake createSession
INFO: Detected dialect: W3C
Apr 04, 2022 3:31:35 PM org.openqa.selenium.devtools.CdpVersionFinder findNearestMatch
WARNING: Unable to find an exact match for CDP version 99, so returning the closest version found: 97
Apr 04, 2022 3:31:35 PM org.openqa.selenium.devtools.CdpVersionFinder findNearestMatch
INFO: Found CDP implementation for version 99 of 97
</system-err>
  </testcase>
  <testcase classname="com.zerodha.qa.testCases.LoginPageTest" name="ValidateLogin" time="0.72"/>
  <testcase classname="com.zerodha.qa.testCases.LoginPageTest" name="ValidateLogin" time="10.33">
    <failure message="expected [true] but found [false]" type="java.lang.AssertionError">java.lang.AssertionError: expected [true] but found [false]
	at org.testng.Assert.fail(Assert.java:110)
	at org.testng.Assert.failNotEquals(Assert.java:1413)
	at org.testng.Assert.assertTrue(Assert.java:56)
	at org.testng.Assert.assertTrue(Assert.java:66)
	at com.zerodha.qa.testCases.LoginPageTest.ValidateLogin(LoginPageTest.java:68)
</failure>
    <system-err>Starting ChromeDriver 98.0.4758.48 (d869ab3eda60629b9fabbd4e30c0f833466c83fd-refs/branch-heads/4758@{#415}) on port 54431
Only local connections are allowed.
Please see https://chromedriver.chromium.org/security-considerations for suggestions on keeping ChromeDriver safe.
ChromeDriver was started successfully.
[1649066515.960][WARNING]: This version of ChromeDriver has not been tested with Chrome version 99.
Apr 04, 2022 3:31:56 PM org.openqa.selenium.remote.ProtocolHandshake createSession
INFO: Detected dialect: W3C
Apr 04, 2022 3:31:56 PM org.openqa.selenium.devtools.CdpVersionFinder findNearestMatch
WARNING: Unable to find an exact match for CDP version 99, so returning the closest version found: 97
Apr 04, 2022 3:31:56 PM org.openqa.selenium.devtools.CdpVersionFinder findNearestMatch
INFO: Found CDP implementation for version 99 of 97
</system-err>
  </testcase>
  <testcase classname="com.zerodha.qa.testCases.LoginPageTest" name="ValidateLogin" time="10.3">
    <failure message="expected [true] but found [false]" type="java.lang.AssertionError">java.lang.AssertionError: expected [true] but found [false]
	at org.testng.Assert.fail(Assert.java:110)
	at org.testng.Assert.failNotEquals(Assert.java:1413)
	at org.testng.Assert.assertTrue(Assert.java:56)
	at org.testng.Assert.assertTrue(Assert.java:66)
	at com.zerodha.qa.testCases.LoginPageTest.ValidateLogin(LoginPageTest.java:68)
</failure>
    <system-err>Starting ChromeDriver 98.0.4758.48 (d869ab3eda60629b9fabbd4e30c0f833466c83fd-refs/branch-heads/4758@{#415}) on port 61803
Only local connections are allowed.
Please see https://chromedriver.chromium.org/security-considerations for suggestions on keeping ChromeDriver safe.
ChromeDriver was started successfully.
[1649066530.443][WARNING]: This version of ChromeDriver has not been tested with Chrome version 99.
Apr 04, 2022 3:32:11 PM org.openqa.selenium.remote.ProtocolHandshake createSession
INFO: Detected dialect: W3C
Apr 04, 2022 3:32:11 PM org.openqa.selenium.devtools.CdpVersionFinder findNearestMatch
WARNING: Unable to find an exact match for CDP version 99, so returning the closest version found: 97
Apr 04, 2022 3:32:11 PM org.openqa.selenium.devtools.CdpVersionFinder findNearestMatch
INFO: Found CDP implementation for version 99 of 97
</system-err>
  </testcase>
  <testcase classname="com.zerodha.qa.testCases.LoginPageTest" name="validateLogo" time="0.058"/>
  <testcase classname="com.zerodha.qa.testCases.LoginPageTest" name="validateTitle" time="0.006"/>
  <testcase classname="com.zerodha.qa.testCases.SearchStockPageTest" name="validateBuyButtonTest" time="8.329"/>
  <testcase classname="com.zerodha.qa.testCases.SearchStockPageTest" name="validateChartButton" time="8.252"/>
  <testcase classname="com.zerodha.qa.testCases.SearchStockPageTest" name="validateMarketDepthButton" time="8.36"/>
  <testcase classname="com.zerodha.qa.testCases.SearchStockPageTest" name="validateSearchBoxTest" time="0.711"/>
  <testcase classname="com.zerodha.qa.testCases.SearchStockPageTest" name="validateSellButtonTest" time="8.327"/>
  <testcase classname="com.zerodha.qa.testCases.SearchStockPageTest" name="validateStockList" time="0.047"/>
</testsuite>